<!DOCTYPE html PUBLIC "-//W3C//DTD XHTML 1.1//EN" "http://www.w3.org/TR/xhtml11/DTD/xhtml11.dtd">
<html xmlns="http://www.w3.org/1999/xhtml"><head><title>TestNG Report</title><style type="text/css">table {margin-bottom:10px;border-collapse:collapse;empty-cells:show}th,td {border:1px solid #009;padding:.25em .5em}th {vertical-align:bottom}td {vertical-align:top}table a {font-weight:bold}.stripe td {background-color: #E6EBF9}.num {text-align:right}.passedodd td {background-color: #3F3}.passedeven td {background-color: #0A0}.skippedodd td {background-color: #DDD}.skippedeven td {background-color: #CCC}.failedodd td,.attn {background-color: #F33}.failedeven td,.stripe .attn {background-color: #D00}.stacktrace {white-space:pre;font-family:monospace}.totop {font-size:85%;text-align:center;border-bottom:2px solid #000}</style></head><body><table><tr><th>Test</th><th># Passed</th><th># Skipped</th><th># Failed</th><th>Time (ms)</th><th>Included Groups</th><th>Excluded Groups</th></tr><tr><th colspan="7">TestNG Test Automation Suite</th></tr><tr><td><a href="#t0">TestNG Features Test</a></td><td class="num">19</td><td class="num">0</td><td class="num attn">2</td><td class="num">102,335</td><td></td><td></td></tr></table><table><thead><tr><th>Class</th><th>Method</th><th>Start</th><th>Time (ms)</th></tr></thead><tbody><tr><th colspan="4">TestNG Test Automation Suite</th></tr></tbody><tbody id="t0"><tr><th colspan="4">TestNG Features Test &#8212; failed</th></tr><tr class="failedeven"><td rowspan="1">com.test.ExceptionTimeoutTest</td><td><a href="#m0">infiniteLoop</a></td><td rowspan="1">1718278438140</td><td rowspan="1">62</td></tr><tr class="failedodd"><td rowspan="1">com.test.GoogleTest</td><td><a href="#m1">IsmailPresent</a></td><td rowspan="1">1718278473909</td><td rowspan="1">20428</td></tr><tr><th colspan="4">TestNG Features Test &#8212; passed</th></tr><tr class="passedeven"><td rowspan="1">com.test.ExceptionTimeoutTest</td><td><a href="#m2">test1</a></td><td rowspan="1">1718278438212</td><td rowspan="1">3</td></tr><tr class="passedodd"><td rowspan="1">com.test.GoogleTest</td><td><a href="#m3">googleTitleTest</a></td><td rowspan="1">1718278453195</td><td rowspan="1">31</td></tr><tr class="passedeven"><td rowspan="2">com.test.GoogleTitleTest</td><td><a href="#m4">IsmailPresent</a></td><td rowspan="1">1718278522622</td><td rowspan="1">142</td></tr><tr class="passedeven"><td><a href="#m5">googleTitleTest</a></td><td rowspan="1">1718278536244</td><td rowspan="1">499</td></tr><tr class="passedodd"><td rowspan="10">com.test.InvocationCountTest</td><td><a href="#m6">sum</a></td><td rowspan="10">1718278540272</td><td rowspan="10">1</td></tr><tr class="passedodd"><td><a href="#m7">sum</a></td></tr><tr class="passedodd"><td><a href="#m8">sum</a></td></tr><tr class="passedodd"><td><a href="#m9">sum</a></td></tr><tr class="passedodd"><td><a href="#m10">sum</a></td></tr><tr class="passedodd"><td><a href="#m11">sum</a></td></tr><tr class="passedodd"><td><a href="#m12">sum</a></td></tr><tr class="passedodd"><td><a href="#m13">sum</a></td></tr><tr class="passedodd"><td><a href="#m14">sum</a></td></tr><tr class="passedodd"><td><a href="#m15">sum</a></td></tr><tr class="passedeven"><td rowspan="2">com.test.TestNGBasics</td><td><a href="#m16">googleTitleTest</a></td><td rowspan="1">1718278540382</td><td rowspan="1">2</td></tr><tr class="passedeven"><td><a href="#m17">searchTest</a></td><td rowspan="1">1718278540411</td><td rowspan="1">3</td></tr><tr class="passedodd"><td rowspan="3">com.test.TestingFeature</td><td><a href="#m18">loginTest</a></td><td rowspan="1">1718278540324</td><td rowspan="1">4</td></tr><tr class="passedodd"><td><a href="#m19">logoTest</a></td><td rowspan="1">1718278540331</td><td rowspan="1">7</td></tr><tr class="passedodd"><td><a href="#m20">searchTest</a></td><td rowspan="1">1718278540343</td><td rowspan="1">21</td></tr></tbody></table><h2>TestNG Features Test</h2><h3 id="m0">com.test.ExceptionTimeoutTest#infiniteLoop</h3><table class="result"><tr><th>Exception</th></tr><tr><td><div class="stacktrace">org.testng.internal.thread.ThreadTimeoutException: Method org.testng.internal.TestNGMethod.infiniteLoop() didn&apos;t finish within the time-out 2
	at java.io.FileOutputStream.writeBytes(Native Method)
	at java.io.FileOutputStream.write(Unknown Source)
	at java.io.BufferedOutputStream.flushBuffer(Unknown Source)
	at java.io.BufferedOutputStream.flush(Unknown Source)
	at java.io.PrintStream.write(Unknown Source)
	at sun.nio.cs.StreamEncoder.writeBytes(Unknown Source)
	at sun.nio.cs.StreamEncoder.implFlushBuffer(Unknown Source)
	at sun.nio.cs.StreamEncoder.flushBuffer(Unknown Source)
	at java.io.OutputStreamWriter.flushBuffer(Unknown Source)
	at java.io.PrintStream.newLine(Unknown Source)
	at java.io.PrintStream.println(Unknown Source)
	at com.test.ExceptionTimeoutTest.infiniteLoop(ExceptionTimeoutTest.java:11)
	at java.util.concurrent.Executors$RunnableAdapter.call(Unknown Source)
	at java.util.concurrent.FutureTask.run(Unknown Source)
	at java.util.concurrent.ThreadPoolExecutor.runWorker(Unknown Source)
	at java.util.concurrent.ThreadPoolExecutor$Worker.run(Unknown Source)
	at java.lang.Thread.run(Unknown Source)
... Removed 7 stack frames</div></td></tr></table><p class="totop"><a href="#summary">back to summary</a></p><h3 id="m1">com.test.GoogleTest#IsmailPresent</h3><table class="result"><tr><th>Exception</th></tr><tr><td><div class="stacktrace">org.openqa.selenium.NoSuchElementException: no such element: Unable to locate element: {&quot;method&quot;:&quot;link text&quot;,&quot;selector&quot;:&quot;mail&quot;}
  (Session info: chrome=125.0.6422.144)
For documentation on this error, please visit: http://seleniumhq.org/exceptions/no_such_element.html
Build info: version: &apos;3.12.0&apos;, revision: &apos;7c6e0b3&apos;, time: &apos;2018-05-08T14:04:26.12Z&apos;
System info: host: &apos;DESKTOP-V3R7F1F&apos;, ip: &apos;192.168.56.1&apos;, os.name: &apos;Windows 10&apos;, os.arch: &apos;amd64&apos;, os.version: &apos;10.0&apos;, java.version: &apos;1.8.0_381&apos;
Driver info: org.openqa.selenium.chrome.ChromeDriver
Capabilities {acceptInsecureCerts: false, browserName: chrome, browserVersion: 125.0.6422.144, chrome: {chromedriverVersion: 125.0.6422.60 (3ac3319bff9f..., userDataDir: C:\Users\GAYATRI\AppData\Lo...}, fedcm:accounts: true, goog:chromeOptions: {debuggerAddress: localhost:61332}, javascriptEnabled: true, networkConnectionEnabled: false, pageLoadStrategy: normal, platform: WINDOWS, platformName: WINDOWS, proxy: Proxy(), setWindowRect: true, strictFileInteractability: false, timeouts: {implicit: 0, pageLoad: 300000, script: 30000}, unhandledPromptBehavior: dismiss and notify, webauthn:extension:credBlob: true, webauthn:extension:largeBlob: true, webauthn:extension:minPinLength: true, webauthn:extension:prf: true, webauthn:virtualAuthenticators: true}
Session ID: bf6149c18b2b0acece6916cce7ccc63d
*** Element info: {Using=link text, value=mail}
	at org.openqa.selenium.remote.http.W3CHttpResponseCodec.createException(W3CHttpResponseCodec.java:187)
	at org.openqa.selenium.remote.http.W3CHttpResponseCodec.decode(W3CHttpResponseCodec.java:122)
	at org.openqa.selenium.remote.http.W3CHttpResponseCodec.decode(W3CHttpResponseCodec.java:49)
	at org.openqa.selenium.remote.HttpCommandExecutor.execute(HttpCommandExecutor.java:158)
	at org.openqa.selenium.remote.service.DriverCommandExecutor.execute(DriverCommandExecutor.java:83)
	at org.openqa.selenium.remote.RemoteWebDriver.execute(RemoteWebDriver.java:543)
	at org.openqa.selenium.remote.RemoteWebDriver.findElement(RemoteWebDriver.java:317)
	at org.openqa.selenium.remote.RemoteWebDriver.findElementByLinkText(RemoteWebDriver.java:371)
	at org.openqa.selenium.By$ByLinkText.findElement(By.java:220)
	at org.openqa.selenium.remote.RemoteWebDriver.findElement(RemoteWebDriver.java:309)
	at com.test.GoogleTest.IsmailPresent(GoogleTest.java:38)
... Removed 29 stack frames</div></td></tr></table><p class="totop"><a href="#summary">back to summary</a></p><h3 id="m2">com.test.ExceptionTimeoutTest#test1</h3><table class="result"><tr><th>Expected Exception</th></tr><tr><td><div class="stacktrace">java.lang.NumberFormatException: For input string: &quot;100A&quot;
	at java.lang.NumberFormatException.forInputString(Unknown Source)
	at java.lang.Integer.parseInt(Unknown Source)
	at java.lang.Integer.parseInt(Unknown Source)
	at com.test.ExceptionTimeoutTest.test1(ExceptionTimeoutTest.java:18)
... Removed 25 stack frames</div></td></tr></table><p class="totop"><a href="#summary">back to summary</a></p><h3 id="m3">com.test.GoogleTest#googleTitleTest</h3><table class="result"></table><p class="totop"><a href="#summary">back to summary</a></p><h3 id="m4">com.test.GoogleTitleTest#IsmailPresent</h3><table class="result"></table><p class="totop"><a href="#summary">back to summary</a></p><h3 id="m5">com.test.GoogleTitleTest#googleTitleTest</h3><table class="result"></table><p class="totop"><a href="#summary">back to summary</a></p><h3 id="m6">com.test.InvocationCountTest#sum</h3><table class="result"></table><p class="totop"><a href="#summary">back to summary</a></p><h3 id="m7">com.test.InvocationCountTest#sum</h3><table class="result"></table><p class="totop"><a href="#summary">back to summary</a></p><h3 id="m8">com.test.InvocationCountTest#sum</h3><table class="result"></table><p class="totop"><a href="#summary">back to summary</a></p><h3 id="m9">com.test.InvocationCountTest#sum</h3><table class="result"></table><p class="totop"><a href="#summary">back to summary</a></p><h3 id="m10">com.test.InvocationCountTest#sum</h3><table class="result"></table><p class="totop"><a href="#summary">back to summary</a></p><h3 id="m11">com.test.InvocationCountTest#sum</h3><table class="result"></table><p class="totop"><a href="#summary">back to summary</a></p><h3 id="m12">com.test.InvocationCountTest#sum</h3><table class="result"></table><p class="totop"><a href="#summary">back to summary</a></p><h3 id="m13">com.test.InvocationCountTest#sum</h3><table class="result"></table><p class="totop"><a href="#summary">back to summary</a></p><h3 id="m14">com.test.InvocationCountTest#sum</h3><table class="result"></table><p class="totop"><a href="#summary">back to summary</a></p><h3 id="m15">com.test.InvocationCountTest#sum</h3><table class="result"></table><p class="totop"><a href="#summary">back to summary</a></p><h3 id="m16">com.test.TestNGBasics#googleTitleTest</h3><table class="result"></table><p class="totop"><a href="#summary">back to summary</a></p><h3 id="m17">com.test.TestNGBasics#searchTest</h3><table class="result"></table><p class="totop"><a href="#summary">back to summary</a></p><h3 id="m18">com.test.TestingFeature#loginTest</h3><table class="result"></table><p class="totop"><a href="#summary">back to summary</a></p><h3 id="m19">com.test.TestingFeature#logoTest</h3><table class="result"></table><p class="totop"><a href="#summary">back to summary</a></p><h3 id="m20">com.test.TestingFeature#searchTest</h3><table class="result"></table><p class="totop"><a href="#summary">back to summary</a></p></body></html>