<?xml version="1.0" encoding="UTF-8"?>
<testng-results skipped="0" failed="2" total="21" passed="19">
  <reporter-output>
  </reporter-output>
  <suite name="TestNG Test Automation Suite" duration-ms="102335" started-at="2024-06-13T11:33:58Z" finished-at="2024-06-13T11:35:40Z">
    <groups>
      <group name="mail link">
        <method signature="GoogleTest.IsmailPresent()[pri:2, instance:com.test.GoogleTest@8bd1b6a]" name="IsmailPresent" class="com.test.GoogleTest"/>
      </group> <!-- mail link -->
      <group name="title">
        <method signature="GoogleTest.googleTitleTest()[pri:1, instance:com.test.GoogleTest@8bd1b6a]" name="googleTitleTest" class="com.test.GoogleTest"/>
      </group> <!-- title -->
    </groups>
    <test name="TestNG Features Test" duration-ms="102335" started-at="2024-06-13T11:33:58Z" finished-at="2024-06-13T11:35:40Z">
      <class name="com.test.ExceptionTimeoutTest">
        <test-method status="FAIL" signature="infiniteLoop()[pri:0, instance:com.test.ExceptionTimeoutTest@55f3ddb1]" name="infiniteLoop" duration-ms="62" started-at="2024-06-13T17:03:58Z" finished-at="2024-06-13T17:03:58Z">
          <exception class="org.testng.internal.thread.ThreadTimeoutException">
            <message>
              <![CDATA[Method org.testng.internal.TestNGMethod.infiniteLoop() didn't finish within the time-out 2]]>
            </message>
            <full-stacktrace>
              <![CDATA[org.testng.internal.thread.ThreadTimeoutException: Method org.testng.internal.TestNGMethod.infiniteLoop() didn't finish within the time-out 2
	at java.io.FileOutputStream.writeBytes(Native Method)
	at java.io.FileOutputStream.write(Unknown Source)
	at java.io.BufferedOutputStream.flushBuffer(Unknown Source)
	at java.io.BufferedOutputStream.flush(Unknown Source)
	at java.io.PrintStream.write(Unknown Source)
	at sun.nio.cs.StreamEncoder.writeBytes(Unknown Source)
	at sun.nio.cs.StreamEncoder.implFlushBuffer(Unknown Source)
	at sun.nio.cs.StreamEncoder.flushBuffer(Unknown Source)
	at java.io.OutputStreamWriter.flushBuffer(Unknown Source)
	at java.io.PrintStream.newLine(Unknown Source)
	at java.io.PrintStream.println(Unknown Source)
	at com.test.ExceptionTimeoutTest.infiniteLoop(ExceptionTimeoutTest.java:11)
	at sun.reflect.NativeMethodAccessorImpl.invoke0(Native Method)
	at sun.reflect.NativeMethodAccessorImpl.invoke(Unknown Source)
	at sun.reflect.DelegatingMethodAccessorImpl.invoke(Unknown Source)
	at java.lang.reflect.Method.invoke(Unknown Source)
	at org.testng.internal.MethodInvocationHelper.invokeMethod(MethodInvocationHelper.java:86)
	at org.testng.internal.InvokeMethodRunnable.runOne(InvokeMethodRunnable.java:54)
	at org.testng.internal.InvokeMethodRunnable.run(InvokeMethodRunnable.java:44)
	at java.util.concurrent.Executors$RunnableAdapter.call(Unknown Source)
	at java.util.concurrent.FutureTask.run(Unknown Source)
	at java.util.concurrent.ThreadPoolExecutor.runWorker(Unknown Source)
	at java.util.concurrent.ThreadPoolExecutor$Worker.run(Unknown Source)
	at java.lang.Thread.run(Unknown Source)
]]>
            </full-stacktrace>
          </exception> <!-- org.testng.internal.thread.ThreadTimeoutException -->
          <reporter-output>
          </reporter-output>
        </test-method> <!-- infiniteLoop -->
        <test-method status="PASS" signature="test1()[pri:0, instance:com.test.ExceptionTimeoutTest@55f3ddb1]" name="test1" duration-ms="3" started-at="2024-06-13T17:03:58Z" finished-at="2024-06-13T17:03:58Z">
          <exception class="java.lang.NumberFormatException">
            <message>
              <![CDATA[For input string: "100A"]]>
            </message>
            <full-stacktrace>
              <![CDATA[java.lang.NumberFormatException: For input string: "100A"
	at java.lang.NumberFormatException.forInputString(Unknown Source)
	at java.lang.Integer.parseInt(Unknown Source)
	at java.lang.Integer.parseInt(Unknown Source)
	at com.test.ExceptionTimeoutTest.test1(ExceptionTimeoutTest.java:18)
	at sun.reflect.NativeMethodAccessorImpl.invoke0(Native Method)
	at sun.reflect.NativeMethodAccessorImpl.invoke(Unknown Source)
	at sun.reflect.DelegatingMethodAccessorImpl.invoke(Unknown Source)
	at java.lang.reflect.Method.invoke(Unknown Source)
	at org.testng.internal.MethodInvocationHelper.invokeMethod(MethodInvocationHelper.java:86)
	at org.testng.internal.Invoker.invokeMethod(Invoker.java:646)
	at org.testng.internal.Invoker.invokeTestMethod(Invoker.java:823)
	at org.testng.internal.Invoker.invokeTestMethods(Invoker.java:1131)
	at org.testng.internal.TestMethodWorker.invokeTestMethods(TestMethodWorker.java:129)
	at org.testng.internal.TestMethodWorker.run(TestMethodWorker.java:112)
	at org.testng.TestRunner.privateRun(TestRunner.java:778)
	at org.testng.TestRunner.run(TestRunner.java:632)
	at org.testng.SuiteRunner.runTest(SuiteRunner.java:366)
	at org.testng.SuiteRunner.runSequentially(SuiteRunner.java:361)
	at org.testng.SuiteRunner.privateRun(SuiteRunner.java:319)
	at org.testng.SuiteRunner.run(SuiteRunner.java:268)
	at org.testng.SuiteRunnerWorker.runSuite(SuiteRunnerWorker.java:52)
	at org.testng.SuiteRunnerWorker.run(SuiteRunnerWorker.java:86)
	at org.testng.TestNG.runSuitesSequentially(TestNG.java:1225)
	at org.testng.TestNG.runSuitesLocally(TestNG.java:1150)
	at org.testng.TestNG.runSuites(TestNG.java:1075)
	at org.testng.TestNG.run(TestNG.java:1047)
	at org.testng.remote.AbstractRemoteTestNG.run(AbstractRemoteTestNG.java:126)
	at org.testng.remote.RemoteTestNG.initAndRun(RemoteTestNG.java:137)
	at org.testng.remote.RemoteTestNG.main(RemoteTestNG.java:58)
]]>
            </full-stacktrace>
          </exception> <!-- java.lang.NumberFormatException -->
          <reporter-output>
          </reporter-output>
        </test-method> <!-- test1 -->
      </class> <!-- com.test.ExceptionTimeoutTest -->
      <class name="com.test.TestNGBasics">
        <test-method status="PASS" signature="setUp()[pri:0, instance:com.test.TestNGBasics@cc285f4]" name="setUp" is-config="true" duration-ms="15" started-at="2024-06-13T17:03:58Z" finished-at="2024-06-13T17:03:58Z">
          <reporter-output>
          </reporter-output>
        </test-method> <!-- setUp -->
        <test-method status="PASS" signature="launchBrowser()[pri:0, instance:com.test.TestNGBasics@cc285f4]" name="launchBrowser" is-config="true" duration-ms="1" started-at="2024-06-13T17:03:58Z" finished-at="2024-06-13T17:03:58Z">
          <reporter-output>
          </reporter-output>
        </test-method> <!-- launchBrowser -->
        <test-method status="PASS" signature="login()[pri:0, instance:com.test.TestNGBasics@cc285f4]" name="login" is-config="true" duration-ms="13" started-at="2024-06-13T17:05:40Z" finished-at="2024-06-13T17:05:40Z">
          <reporter-output>
          </reporter-output>
        </test-method> <!-- login -->
        <test-method status="PASS" signature="enterUrl()[pri:0, instance:com.test.TestNGBasics@cc285f4]" name="enterUrl" is-config="true" duration-ms="4" started-at="2024-06-13T17:05:40Z" finished-at="2024-06-13T17:05:40Z">
          <reporter-output>
          </reporter-output>
        </test-method> <!-- enterUrl -->
        <test-method status="PASS" signature="googleTitleTest()[pri:0, instance:com.test.TestNGBasics@cc285f4]" name="googleTitleTest" duration-ms="2" started-at="2024-06-13T17:05:40Z" finished-at="2024-06-13T17:05:40Z">
          <reporter-output>
          </reporter-output>
        </test-method> <!-- googleTitleTest -->
        <test-method status="PASS" signature="logOut()[pri:0, instance:com.test.TestNGBasics@cc285f4]" name="logOut" is-config="true" duration-ms="22" started-at="2024-06-13T17:05:40Z" finished-at="2024-06-13T17:05:40Z">
          <reporter-output>
          </reporter-output>
        </test-method> <!-- logOut -->
        <test-method status="PASS" signature="searchTest()[pri:0, instance:com.test.TestNGBasics@cc285f4]" name="searchTest" duration-ms="3" started-at="2024-06-13T17:05:40Z" finished-at="2024-06-13T17:05:40Z">
          <reporter-output>
          </reporter-output>
        </test-method> <!-- searchTest -->
        <test-method status="PASS" signature="enterUrl()[pri:0, instance:com.test.TestNGBasics@cc285f4]" name="enterUrl" is-config="true" duration-ms="0" started-at="2024-06-13T17:05:40Z" finished-at="2024-06-13T17:05:40Z">
          <reporter-output>
          </reporter-output>
        </test-method> <!-- enterUrl -->
        <test-method status="PASS" signature="logOut()[pri:0, instance:com.test.TestNGBasics@cc285f4]" name="logOut" is-config="true" duration-ms="1" started-at="2024-06-13T17:05:40Z" finished-at="2024-06-13T17:05:40Z">
          <reporter-output>
          </reporter-output>
        </test-method> <!-- logOut -->
        <test-method status="PASS" signature="closeBrowser()[pri:0, instance:com.test.TestNGBasics@cc285f4]" name="closeBrowser" is-config="true" duration-ms="0" started-at="2024-06-13T17:05:40Z" finished-at="2024-06-13T17:05:40Z">
          <reporter-output>
          </reporter-output>
        </test-method> <!-- closeBrowser -->
        <test-method status="PASS" signature="deleteAllCookies()[pri:0, instance:com.test.TestNGBasics@cc285f4]" name="deleteAllCookies" is-config="true" duration-ms="18" started-at="2024-06-13T17:05:40Z" finished-at="2024-06-13T17:05:40Z">
          <reporter-output>
          </reporter-output>
        </test-method> <!-- deleteAllCookies -->
        <test-method status="PASS" signature="genreateReport()[pri:0, instance:com.test.TestNGBasics@cc285f4]" name="genreateReport" is-config="true" duration-ms="184" started-at="2024-06-13T17:05:40Z" finished-at="2024-06-13T17:05:40Z">
          <reporter-output>
          </reporter-output>
        </test-method> <!-- genreateReport -->
      </class> <!-- com.test.TestNGBasics -->
      <class name="com.test.TestingFeature">
        <test-method status="PASS" signature="loginTest()[pri:0, instance:com.test.TestingFeature@4b9e13df]" name="loginTest" duration-ms="4" started-at="2024-06-13T17:05:40Z" finished-at="2024-06-13T17:05:40Z">
          <reporter-output>
          </reporter-output>
        </test-method> <!-- loginTest -->
        <test-method status="PASS" signature="logoTest()[pri:0, instance:com.test.TestingFeature@4b9e13df]" name="logoTest" duration-ms="7" started-at="2024-06-13T17:05:40Z" depends-on-methods="com.test.TestingFeature.loginTest" finished-at="2024-06-13T17:05:40Z">
          <reporter-output>
          </reporter-output>
        </test-method> <!-- logoTest -->
        <test-method status="PASS" signature="searchTest()[pri:0, instance:com.test.TestingFeature@4b9e13df]" name="searchTest" duration-ms="21" started-at="2024-06-13T17:05:40Z" depends-on-methods="com.test.TestingFeature.loginTest" finished-at="2024-06-13T17:05:40Z">
          <reporter-output>
          </reporter-output>
        </test-method> <!-- searchTest -->
      </class> <!-- com.test.TestingFeature -->
      <class name="com.test.GoogleTest">
        <test-method status="PASS" signature="setUp()[pri:0, instance:com.test.GoogleTest@8bd1b6a]" name="setUp" is-config="true" duration-ms="14964" started-at="2024-06-13T17:03:58Z" finished-at="2024-06-13T17:04:13Z">
          <reporter-output>
          </reporter-output>
        </test-method> <!-- setUp -->
        <test-method status="PASS" signature="googleTitleTest()[pri:1, instance:com.test.GoogleTest@8bd1b6a]" name="googleTitleTest" duration-ms="31" started-at="2024-06-13T17:04:13Z" finished-at="2024-06-13T17:04:13Z">
          <reporter-output>
          </reporter-output>
        </test-method> <!-- googleTitleTest -->
        <test-method status="PASS" signature="tearDown()[pri:0, instance:com.test.GoogleTest@8bd1b6a]" name="tearDown" is-config="true" duration-ms="1353" started-at="2024-06-13T17:04:13Z" finished-at="2024-06-13T17:04:14Z">
          <reporter-output>
          </reporter-output>
        </test-method> <!-- tearDown -->
        <test-method status="PASS" signature="setUp()[pri:0, instance:com.test.GoogleTest@8bd1b6a]" name="setUp" is-config="true" duration-ms="19324" started-at="2024-06-13T17:04:14Z" finished-at="2024-06-13T17:04:33Z">
          <reporter-output>
          </reporter-output>
        </test-method> <!-- setUp -->
        <test-method status="FAIL" signature="IsmailPresent()[pri:2, instance:com.test.GoogleTest@8bd1b6a]" name="IsmailPresent" duration-ms="20428" started-at="2024-06-13T17:04:33Z" finished-at="2024-06-13T17:04:54Z">
          <exception class="org.openqa.selenium.NoSuchElementException">
            <message>
              <![CDATA[no such element: Unable to locate element: {"method":"link text","selector":"mail"}
  (Session info: chrome=125.0.6422.144)
For documentation on this error, please visit: http://seleniumhq.org/exceptions/no_such_element.html
Build info: version: '3.12.0', revision: '7c6e0b3', time: '2018-05-08T14:04:26.12Z'
System info: host: 'DESKTOP-V3R7F1F', ip: '192.168.56.1', os.name: 'Windows 10', os.arch: 'amd64', os.version: '10.0', java.version: '1.8.0_381'
Driver info: org.openqa.selenium.chrome.ChromeDriver
Capabilities {acceptInsecureCerts: false, browserName: chrome, browserVersion: 125.0.6422.144, chrome: {chromedriverVersion: 125.0.6422.60 (3ac3319bff9f..., userDataDir: C:\Users\GAYATRI\AppData\Lo...}, fedcm:accounts: true, goog:chromeOptions: {debuggerAddress: localhost:61332}, javascriptEnabled: true, networkConnectionEnabled: false, pageLoadStrategy: normal, platform: WINDOWS, platformName: WINDOWS, proxy: Proxy(), setWindowRect: true, strictFileInteractability: false, timeouts: {implicit: 0, pageLoad: 300000, script: 30000}, unhandledPromptBehavior: dismiss and notify, webauthn:extension:credBlob: true, webauthn:extension:largeBlob: true, webauthn:extension:minPinLength: true, webauthn:extension:prf: true, webauthn:virtualAuthenticators: true}
Session ID: bf6149c18b2b0acece6916cce7ccc63d
*** Element info: {Using=link text, value=mail}]]>
            </message>
            <full-stacktrace>
              <![CDATA[org.openqa.selenium.NoSuchElementException: no such element: Unable to locate element: {"method":"link text","selector":"mail"}
  (Session info: chrome=125.0.6422.144)
For documentation on this error, please visit: http://seleniumhq.org/exceptions/no_such_element.html
Build info: version: '3.12.0', revision: '7c6e0b3', time: '2018-05-08T14:04:26.12Z'
System info: host: 'DESKTOP-V3R7F1F', ip: '192.168.56.1', os.name: 'Windows 10', os.arch: 'amd64', os.version: '10.0', java.version: '1.8.0_381'
Driver info: org.openqa.selenium.chrome.ChromeDriver
Capabilities {acceptInsecureCerts: false, browserName: chrome, browserVersion: 125.0.6422.144, chrome: {chromedriverVersion: 125.0.6422.60 (3ac3319bff9f..., userDataDir: C:\Users\GAYATRI\AppData\Lo...}, fedcm:accounts: true, goog:chromeOptions: {debuggerAddress: localhost:61332}, javascriptEnabled: true, networkConnectionEnabled: false, pageLoadStrategy: normal, platform: WINDOWS, platformName: WINDOWS, proxy: Proxy(), setWindowRect: true, strictFileInteractability: false, timeouts: {implicit: 0, pageLoad: 300000, script: 30000}, unhandledPromptBehavior: dismiss and notify, webauthn:extension:credBlob: true, webauthn:extension:largeBlob: true, webauthn:extension:minPinLength: true, webauthn:extension:prf: true, webauthn:virtualAuthenticators: true}
Session ID: bf6149c18b2b0acece6916cce7ccc63d
*** Element info: {Using=link text, value=mail}
	at sun.reflect.NativeConstructorAccessorImpl.newInstance0(Native Method)
	at sun.reflect.NativeConstructorAccessorImpl.newInstance(Unknown Source)
	at sun.reflect.DelegatingConstructorAccessorImpl.newInstance(Unknown Source)
	at java.lang.reflect.Constructor.newInstance(Unknown Source)
	at org.openqa.selenium.remote.http.W3CHttpResponseCodec.createException(W3CHttpResponseCodec.java:187)
	at org.openqa.selenium.remote.http.W3CHttpResponseCodec.decode(W3CHttpResponseCodec.java:122)
	at org.openqa.selenium.remote.http.W3CHttpResponseCodec.decode(W3CHttpResponseCodec.java:49)
	at org.openqa.selenium.remote.HttpCommandExecutor.execute(HttpCommandExecutor.java:158)
	at org.openqa.selenium.remote.service.DriverCommandExecutor.execute(DriverCommandExecutor.java:83)
	at org.openqa.selenium.remote.RemoteWebDriver.execute(RemoteWebDriver.java:543)
	at org.openqa.selenium.remote.RemoteWebDriver.findElement(RemoteWebDriver.java:317)
	at org.openqa.selenium.remote.RemoteWebDriver.findElementByLinkText(RemoteWebDriver.java:371)
	at org.openqa.selenium.By$ByLinkText.findElement(By.java:220)
	at org.openqa.selenium.remote.RemoteWebDriver.findElement(RemoteWebDriver.java:309)
	at com.test.GoogleTest.IsmailPresent(GoogleTest.java:38)
	at sun.reflect.NativeMethodAccessorImpl.invoke0(Native Method)
	at sun.reflect.NativeMethodAccessorImpl.invoke(Unknown Source)
	at sun.reflect.DelegatingMethodAccessorImpl.invoke(Unknown Source)
	at java.lang.reflect.Method.invoke(Unknown Source)
	at org.testng.internal.MethodInvocationHelper.invokeMethod(MethodInvocationHelper.java:86)
	at org.testng.internal.Invoker.invokeMethod(Invoker.java:646)
	at org.testng.internal.Invoker.invokeTestMethod(Invoker.java:823)
	at org.testng.internal.Invoker.invokeTestMethods(Invoker.java:1131)
	at org.testng.internal.TestMethodWorker.invokeTestMethods(TestMethodWorker.java:129)
	at org.testng.internal.TestMethodWorker.run(TestMethodWorker.java:112)
	at org.testng.TestRunner.privateRun(TestRunner.java:778)
	at org.testng.TestRunner.run(TestRunner.java:632)
	at org.testng.SuiteRunner.runTest(SuiteRunner.java:366)
	at org.testng.SuiteRunner.runSequentially(SuiteRunner.java:361)
	at org.testng.SuiteRunner.privateRun(SuiteRunner.java:319)
	at org.testng.SuiteRunner.run(SuiteRunner.java:268)
	at org.testng.SuiteRunnerWorker.runSuite(SuiteRunnerWorker.java:52)
	at org.testng.SuiteRunnerWorker.run(SuiteRunnerWorker.java:86)
	at org.testng.TestNG.runSuitesSequentially(TestNG.java:1225)
	at org.testng.TestNG.runSuitesLocally(TestNG.java:1150)
	at org.testng.TestNG.runSuites(TestNG.java:1075)
	at org.testng.TestNG.run(TestNG.java:1047)
	at org.testng.remote.AbstractRemoteTestNG.run(AbstractRemoteTestNG.java:126)
	at org.testng.remote.RemoteTestNG.initAndRun(RemoteTestNG.java:137)
	at org.testng.remote.RemoteTestNG.main(RemoteTestNG.java:58)
]]>
            </full-stacktrace>
          </exception> <!-- org.openqa.selenium.NoSuchElementException -->
          <reporter-output>
          </reporter-output>
        </test-method> <!-- IsmailPresent -->
        <test-method status="PASS" signature="tearDown()[pri:0, instance:com.test.GoogleTest@8bd1b6a]" name="tearDown" is-config="true" duration-ms="4707" started-at="2024-06-13T17:04:54Z" finished-at="2024-06-13T17:04:59Z">
          <reporter-output>
          </reporter-output>
        </test-method> <!-- tearDown -->
      </class> <!-- com.test.GoogleTest -->
      <class name="com.test.GoogleTitleTest">
        <test-method status="PASS" signature="setUp()[pri:0, instance:com.test.GoogleTitleTest@18be83e4]" name="setUp" is-config="true" duration-ms="23550" started-at="2024-06-13T17:04:59Z" finished-at="2024-06-13T17:05:22Z">
          <reporter-output>
          </reporter-output>
        </test-method> <!-- setUp -->
        <test-method status="PASS" signature="IsmailPresent()[pri:0, instance:com.test.GoogleTitleTest@18be83e4]" name="IsmailPresent" duration-ms="142" started-at="2024-06-13T17:05:22Z" finished-at="2024-06-13T17:05:22Z">
          <reporter-output>
          </reporter-output>
        </test-method> <!-- IsmailPresent -->
        <test-method status="PASS" signature="tearDown()[pri:0, instance:com.test.GoogleTitleTest@18be83e4]" name="tearDown" is-config="true" duration-ms="1169" started-at="2024-06-13T17:05:22Z" finished-at="2024-06-13T17:05:23Z">
          <reporter-output>
          </reporter-output>
        </test-method> <!-- tearDown -->
        <test-method status="PASS" signature="setUp()[pri:0, instance:com.test.GoogleTitleTest@18be83e4]" name="setUp" is-config="true" duration-ms="12295" started-at="2024-06-13T17:05:23Z" finished-at="2024-06-13T17:05:36Z">
          <reporter-output>
          </reporter-output>
        </test-method> <!-- setUp -->
        <test-method status="PASS" signature="googleTitleTest()[pri:0, instance:com.test.GoogleTitleTest@18be83e4]" name="googleTitleTest" duration-ms="499" started-at="2024-06-13T17:05:36Z" finished-at="2024-06-13T17:05:36Z">
          <reporter-output>
          </reporter-output>
        </test-method> <!-- googleTitleTest -->
        <test-method status="PASS" signature="tearDown()[pri:0, instance:com.test.GoogleTitleTest@18be83e4]" name="tearDown" is-config="true" duration-ms="3510" started-at="2024-06-13T17:05:36Z" finished-at="2024-06-13T17:05:40Z">
          <reporter-output>
          </reporter-output>
        </test-method> <!-- tearDown -->
      </class> <!-- com.test.GoogleTitleTest -->
      <class name="com.test.InvocationCountTest">
        <test-method status="PASS" signature="sum()[pri:0, instance:com.test.InvocationCountTest@cb5822]" name="sum" duration-ms="2" started-at="2024-06-13T17:05:40Z" finished-at="2024-06-13T17:05:40Z">
          <reporter-output>
          </reporter-output>
        </test-method> <!-- sum -->
        <test-method status="PASS" signature="sum()[pri:0, instance:com.test.InvocationCountTest@cb5822]" name="sum" duration-ms="2" started-at="2024-06-13T17:05:40Z" finished-at="2024-06-13T17:05:40Z">
          <reporter-output>
          </reporter-output>
        </test-method> <!-- sum -->
        <test-method status="PASS" signature="sum()[pri:0, instance:com.test.InvocationCountTest@cb5822]" name="sum" duration-ms="2" started-at="2024-06-13T17:05:40Z" finished-at="2024-06-13T17:05:40Z">
          <reporter-output>
          </reporter-output>
        </test-method> <!-- sum -->
        <test-method status="PASS" signature="sum()[pri:0, instance:com.test.InvocationCountTest@cb5822]" name="sum" duration-ms="1" started-at="2024-06-13T17:05:40Z" finished-at="2024-06-13T17:05:40Z">
          <reporter-output>
          </reporter-output>
        </test-method> <!-- sum -->
        <test-method status="PASS" signature="sum()[pri:0, instance:com.test.InvocationCountTest@cb5822]" name="sum" duration-ms="2" started-at="2024-06-13T17:05:40Z" finished-at="2024-06-13T17:05:40Z">
          <reporter-output>
          </reporter-output>
        </test-method> <!-- sum -->
        <test-method status="PASS" signature="sum()[pri:0, instance:com.test.InvocationCountTest@cb5822]" name="sum" duration-ms="3" started-at="2024-06-13T17:05:40Z" finished-at="2024-06-13T17:05:40Z">
          <reporter-output>
          </reporter-output>
        </test-method> <!-- sum -->
        <test-method status="PASS" signature="sum()[pri:0, instance:com.test.InvocationCountTest@cb5822]" name="sum" duration-ms="11" started-at="2024-06-13T17:05:40Z" finished-at="2024-06-13T17:05:40Z">
          <reporter-output>
          </reporter-output>
        </test-method> <!-- sum -->
        <test-method status="PASS" signature="sum()[pri:0, instance:com.test.InvocationCountTest@cb5822]" name="sum" duration-ms="8" started-at="2024-06-13T17:05:40Z" finished-at="2024-06-13T17:05:40Z">
          <reporter-output>
          </reporter-output>
        </test-method> <!-- sum -->
        <test-method status="PASS" signature="sum()[pri:0, instance:com.test.InvocationCountTest@cb5822]" name="sum" duration-ms="2" started-at="2024-06-13T17:05:40Z" finished-at="2024-06-13T17:05:40Z">
          <reporter-output>
          </reporter-output>
        </test-method> <!-- sum -->
        <test-method status="PASS" signature="sum()[pri:0, instance:com.test.InvocationCountTest@cb5822]" name="sum" duration-ms="7" started-at="2024-06-13T17:05:40Z" finished-at="2024-06-13T17:05:40Z">
          <reporter-output>
          </reporter-output>
        </test-method> <!-- sum -->
      </class> <!-- com.test.InvocationCountTest -->
    </test> <!-- TestNG Features Test -->
  </suite> <!-- TestNG Test Automation Suite -->
</testng-results>
